[handleMsg]:  {
  key: {
    remoteJid: '1674334811@broadcast',
    fromMe: false,
    id: '21C514CC6AE229EC780CC0EA3FBA99F5',
    participant: '5491151273131@s.whatsapp.net'
  },
  messageTimestamp: 1678275131,
  pushName: 'Jiro Sushi Avellaneda🍣🥢🥂',
  messageStubType: 2,
  messageStubParameters: [ 'Bad MAC' ],
  body: undefined,
  from: '1674334811@broadcast'
}
[handleMsg]:  {
  key: {
    remoteJid: '584169020404@s.whatsapp.net',
    fromMe: false,
    id: 'A0AD4707F32378CFEEDA3328B8E683A5',
    participant: undefined
  },
  messageTimestamp: 1678275132,
  pushName: 'tabatiuska40@gmail.com',
  messageStubType: 2,
  messageStubParameters: [ 'Bad MAC' ],
  body: undefined,
  from: '584169020404'
}
[handleMsg]:  {
  key: {
    remoteJid: '584242456330@s.whatsapp.net',
    fromMe: false,
    id: 'C6BF78A716811605BA6A1D03D97F5729',
    participant: undefined
  },
  messageTimestamp: 1678275136,
  pushName: 'Ligia Duque',
  messageStubType: 2,
  messageStubParameters: [ 'Bad MAC' ],
  body: undefined,
  from: '584242456330'
}
[handleMsg]:  {
  key: {
    remoteJid: '584242456330@s.whatsapp.net',
    fromMe: false,
    id: '59B8C5DD0F6F24454D730856C7C5D5EB',
    participant: undefined
  },
  messageTimestamp: 1678275136,
  pushName: 'Ligia Duque',
  messageStubType: 2,
  messageStubParameters: [ 'Bad MAC' ],
  body: undefined,
  from: '584242456330'
}
[handleMsg]:  {
  key: {
    remoteJid: '584123771552@s.whatsapp.net',
    fromMe: false,
    id: 'DFE8C76B79C2EF03E98CCE62A19CD493',
    participant: undefined
  },
  messageTimestamp: 1678275136,
  pushName: 'Enrique',
  messageStubType: 2,
  messageStubParameters: [ 'Bad MAC' ],
  body: undefined,
  from: '584123771552'
}
[handleMsg]:  {
  key: {
    remoteJid: '584123771552@s.whatsapp.net',
    fromMe: false,
    id: 'ACD90A9E163BB63328C699BFBE98DA92',
    participant: undefined
  },
  messageTimestamp: 1678275136,
  pushName: 'Enrique',
  messageStubType: 2,
  messageStubParameters: [ 'Bad MAC' ],
  body: undefined,
  from: '584123771552'
}
[handleMsg]:  {
  key: {
    remoteJid: '584123771552@s.whatsapp.net',
    fromMe: false,
    id: 'B9E1FF35983B871FACB4DBD9414D75A6',
    participant: undefined
  },
  messageTimestamp: 1678275138,
  pushName: 'Enrique',
  messageStubType: 2,
  messageStubParameters: [ 'Bad MAC' ],
  body: undefined,
  from: '584123771552'
}
[handleMsg]:  {
  key: {
    remoteJid: '5493456659528@s.whatsapp.net',
    fromMe: false,
    id: '9EC07E00D362CC3BC69A01DF7C09E83D',
    participant: undefined
  },
  messageTimestamp: 1678275140,
  pushName: 'Lucas',
  verifiedBizName: 'Lucas',
  messageStubType: 2,
  messageStubParameters: [ 'Bad MAC' ],
  body: undefined,
  from: '5493456659528'
}
[handleMsg]:  {
  key: {
    remoteJid: '584242456330@s.whatsapp.net',
    fromMe: false,
    id: '465BE10F2E4F850C8A2CD7125F52F096',
    participant: undefined
  },
  messageTimestamp: 1678275151,
  pushName: 'Ligia Duque',
  messageStubType: 2,
  messageStubParameters: [ 'Bad MAC' ],
  body: undefined,
  from: '584242456330'
}
[handleMsg]:  {
  key: {
    remoteJid: '584242456330@s.whatsapp.net',
    fromMe: false,
    id: '738CD6A8ECE1ABD8BDFBECFDDA04F5EF',
    participant: undefined
  },
  messageTimestamp: 1678275152,
  pushName: 'Ligia Duque',
  messageStubType: 2,
  messageStubParameters: [ 'Bad MAC' ],
  body: undefined,
  from: '584242456330'
}
[handleMsg]:  {
  key: {
    remoteJid: '1674334811@broadcast',
    fromMe: false,
    id: '21C514CC6AE229EC780CC0EA3FBA99F5',
    participant: '5491151273131@s.whatsapp.net'
  },
  messageTimestamp: 1678275161,
  pushName: 'Jiro Sushi Avellaneda🍣🥢🥂',
  message: Message {
    senderKeyDistributionMessage: SenderKeyDistributionMessage {
      groupId: '1674334811@broadcast',
      axolotlSenderKeyDistributionMessage: [Uint8Array]
    },
    imageMessage: ImageMessage {
      interactiveAnnotations: [],
      scanLengths: [],
      url: 'https://mmg.whatsapp.net/o1/v/t62.7118-24/f1/m232/up-oil-image-d882b6db-5789-43e4-bfbd-832f78d898d5?ccb=9-4&oh=01_AdRLhfvI9bQAQWlyFaiiNDbTNLNi-SBM7vDiKWPpzY566A&oe=642F36F5&mms3=true',
      mimetype: 'image/jpeg',
      caption: '✨Buenas tardes a todos 🙋🏻‍♂️🥳 \n' +
        '\n' +
        '*Hoy 20%off toda la noche* 🍱🥢\n' +
        '\n' +
        'Tomamos pedidos hasta las 23:15 hs ❤‍🔥\n' +
        '\n' +
        '*Pedinos nuestra carta actualizada de marzo o*\n' +
        'Podes ver nuestro menú en https://jirosushi.com.ar/ 🥰\n' +
        '\n' +
        'Hacemos tu pedido 👇\n' +
        'Jiro sushi avellaneda \n' +
        '📲 11-5127-3131\n' +
        '☎️ 2146-393',
      fileSha256: [Uint8Array],
      fileLength: [Long],
      height: 1280,
      width: 720,
      mediaKey: [Uint8Array],
      fileEncSha256: [Uint8Array],
      directPath: '/o1/v/t62.7118-24/f1/m232/up-oil-image-d882b6db-5789-43e4-bfbd-832f78d898d5?ccb=9-4&oh=01_AdRLhfvI9bQAQWlyFaiiNDbTNLNi-SBM7vDiKWPpzY566A&oe=642F36F5',
      mediaKeyTimestamp: [Long],
      jpegThumbnail: [Uint8Array]
    },
    messageContextInfo: MessageContextInfo {
      deviceListMetadata: [DeviceListMetadata],
      deviceListMetadataVersion: 2
    }
  },
  body: '_event_media__fdb04a1a-0a8c-48d2-985d-17e42159bf0a',
  from: '1674334811@broadcast'
}
[handleMsg]:  {
  key: {
    remoteJid: '584169020404@s.whatsapp.net',
    fromMe: false,
    id: 'A0AD4707F32378CFEEDA3328B8E683A5',
    participant: undefined
  },
  messageTimestamp: 1678275163,
  pushName: 'tabatiuska40@gmail.com',
  message: Message {
    extendedTextMessage: ExtendedTextMessage {
      text: 'https://www.instagram.com/reel/Cpf11YqD0Pl/?igshid=OTRmMjhlYjM=',
      matchedText: 'https://www.instagram.com/reel/Cpf11YqD0Pl/?igshid=OTRmMjhlYjM=',
      canonicalUrl: 'https://www.instagram.com/reel/Cpf11YqD0Pl/',
      description: '3,764 Likes, 88 Comments - Fer Jaime (@feresjaime) on Instagram: "¿LA CONOCÍAS? Así será LA CIUDAD FUTURISTA "THE LINE" ❤️ Like si te gustó 📢 Compart..."',
      title: 'Fer Jaime en Instagram: "¿LA CONOCÍAS? Así será LA CIUDAD FUTURISTA "THE LINE" ❤️ Like si te gustó 📢 Compartí si sirvió 🗨️ Comentá tus dudas Es el primer lugar pensado para no tener calles, ni autos circulando. #theline #info #curiosidades #mundo #saudiarabia #arabiasaudita #noticias #ciudades"',
      previewType: 0,
      jpegThumbnail: [Uint8Array],
      inviteLinkGroupTypeV2: 0
    },
    messageContextInfo: MessageContextInfo {
      deviceListMetadata: [DeviceListMetadata],
      deviceListMetadataVersion: 2
    }
  },
  body: 'https://www.instagram.com/reel/Cpf11YqD0Pl/?igshid=OTRmMjhlYjM=',
  from: '584169020404'
}
[handleMsg]:  {
  key: {
    remoteJid: '584242456330@s.whatsapp.net',
    fromMe: false,
    id: 'C6BF78A716811605BA6A1D03D97F5729',
    participant: undefined
  },
  messageTimestamp: 1678275164,
  pushName: 'Ligia Duque',
  message: Message {
    imageMessage: ImageMessage {
      interactiveAnnotations: [],
      scanLengths: [],
      url: 'https://mmg.whatsapp.net/v/t62.7118-24/41110106_1172720623434168_4780134276096819421_n.enc?ccb=11-4&oh=01_AdS5jeU3-g2RNRY-gVUCa_2d0tTpZJQrheRmngXnbaPqDQ&oe=642F47BE&mms3=true',
      mimetype: 'image/jpeg',
      fileSha256: [Uint8Array],
      fileLength: [Long],
      height: 640,
      width: 640,
      mediaKey: [Uint8Array],
      fileEncSha256: [Uint8Array],
      directPath: '/v/t62.7118-24/41110106_1172720623434168_4780134276096819421_n.enc?ccb=11-4&oh=01_AdS5jeU3-g2RNRY-gVUCa_2d0tTpZJQrheRmngXnbaPqDQ&oe=642F47BE&_nc_hot=1678231216',
      mediaKeyTimestamp: [Long],
      jpegThumbnail: [Uint8Array]
    },
    messageContextInfo: MessageContextInfo {
      deviceListMetadata: [DeviceListMetadata],
      deviceListMetadataVersion: 2
    }
  },
  body: '_event_media__dd821943-fd90-4271-8bdf-d3bfa32b989b',
  from: '584242456330'
}
[handleMsg]:  {
  key: {
    remoteJid: '584242456330@s.whatsapp.net',
    fromMe: false,
    id: '59B8C5DD0F6F24454D730856C7C5D5EB',
    participant: undefined
  },
  messageTimestamp: 1678275164,
  pushName: 'Ligia Duque',
  message: Message {
    imageMessage: ImageMessage {
      interactiveAnnotations: [],
      scanLengths: [],
      url: 'https://mmg.whatsapp.net/v/t62.7118-24/34523606_875194757093188_8072549512531222374_n.enc?ccb=11-4&oh=01_AdQUKGoDXOocW2V1OP0SCUeDRk-h7Xi03k7JhlngCmYRvw&oe=642F4193&mms3=true',
      mimetype: 'image/jpeg',
      fileSha256: [Uint8Array],
      fileLength: [Long],
      height: 890,
      width: 720,
      mediaKey: [Uint8Array],
      fileEncSha256: [Uint8Array],
      directPath: '/v/t62.7118-24/34523606_875194757093188_8072549512531222374_n.enc?ccb=11-4&oh=01_AdQUKGoDXOocW2V1OP0SCUeDRk-h7Xi03k7JhlngCmYRvw&oe=642F4193&_nc_hot=1678231216',
      mediaKeyTimestamp: [Long],
      jpegThumbnail: [Uint8Array]
    },
    messageContextInfo: MessageContextInfo {
      deviceListMetadata: [DeviceListMetadata],
      deviceListMetadataVersion: 2
    }
  },
  body: '_event_media__7db04548-7769-4ba5-b8a9-05a257957dd2',
  from: '584242456330'
}
[handleMsg]:  {
  key: {
    remoteJid: '584123771552@s.whatsapp.net',
    fromMe: false,
    id: 'DFE8C76B79C2EF03E98CCE62A19CD493',
    participant: undefined
  },
  messageTimestamp: 1678275165,
  pushName: 'Enrique',
  message: Message {
    imageMessage: ImageMessage {
      interactiveAnnotations: [],
      scanLengths: [],
      url: 'https://mmg.whatsapp.net/v/t62.7118-24/41110106_1172720623434168_4780134276096819421_n.enc?ccb=11-4&oh=01_AdS5jeU3-g2RNRY-gVUCa_2d0tTpZJQrheRmngXnbaPqDQ&oe=642F47BE&mms3=true',
      mimetype: 'image/jpeg',
      fileSha256: [Uint8Array],
      fileLength: [Long],
      height: 640,
      width: 640,
      mediaKey: [Uint8Array],
      fileEncSha256: [Uint8Array],
      directPath: '/v/t62.7118-24/41110106_1172720623434168_4780134276096819421_n.enc?ccb=11-4&oh=01_AdS5jeU3-g2RNRY-gVUCa_2d0tTpZJQrheRmngXnbaPqDQ&oe=642F47BE&_nc_hot=1678231299',
      mediaKeyTimestamp: [Long],
      jpegThumbnail: [Uint8Array],
      contextInfo: [ContextInfo]
    },
    messageContextInfo: MessageContextInfo {
      deviceListMetadata: [DeviceListMetadata],
      deviceListMetadataVersion: 2
    }
  },
  body: '_event_media__595bb67c-9168-49e6-a2c1-4e0cb9ac43c1',
  from: '584123771552'
}
[handleMsg]:  {
  key: {
    remoteJid: '584123771552@s.whatsapp.net',
    fromMe: false,
    id: 'ACD90A9E163BB63328C699BFBE98DA92',
    participant: undefined
  },
  messageTimestamp: 1678275165,
  pushName: 'Enrique',
  message: Message {
    imageMessage: ImageMessage {
      interactiveAnnotations: [],
      scanLengths: [],
      url: 'https://mmg.whatsapp.net/v/t62.7118-24/34523606_875194757093188_8072549512531222374_n.enc?ccb=11-4&oh=01_AdQUKGoDXOocW2V1OP0SCUeDRk-h7Xi03k7JhlngCmYRvw&oe=642F4193&mms3=true',
      mimetype: 'image/jpeg',
      fileSha256: [Uint8Array],
      fileLength: [Long],
      height: 890,
      width: 720,
      mediaKey: [Uint8Array],
      fileEncSha256: [Uint8Array],
      directPath: '/v/t62.7118-24/34523606_875194757093188_8072549512531222374_n.enc?ccb=11-4&oh=01_AdQUKGoDXOocW2V1OP0SCUeDRk-h7Xi03k7JhlngCmYRvw&oe=642F4193&_nc_hot=1678231456',
      mediaKeyTimestamp: [Long],
      jpegThumbnail: [Uint8Array],
      contextInfo: [ContextInfo]
    },
    messageContextInfo: MessageContextInfo {
      deviceListMetadata: [DeviceListMetadata],
      deviceListMetadataVersion: 2
    }
  },
  body: '_event_media__939c1eb9-a908-4c6c-92de-568018276f9b',
  from: '584123771552'
}
[handleMsg]:  {
  key: {
    remoteJid: '584123771552@s.whatsapp.net',
    fromMe: false,
    id: 'B9E1FF35983B871FACB4DBD9414D75A6',
    participant: undefined
  },
  messageTimestamp: 1678275166,
  pushName: 'Enrique',
  message: Message {
    imageMessage: ImageMessage {
      interactiveAnnotations: [],
      scanLengths: [Array],
      url: 'https://mmg.whatsapp.net/v/t62.7118-24/33483642_947712179723100_9040847097203359166_n.enc?ccb=11-4&oh=01_AdQo9EWonosCGfZmmYN2RVD82Hbxq9dIrbsYqtXPOxyfcg&oe=642F515F&mms3=true',
      mimetype: 'image/jpeg',
      fileSha256: [Uint8Array],
      fileLength: [Long],
      height: 720,
      width: 478,
      mediaKey: [Uint8Array],
      fileEncSha256: [Uint8Array],
      directPath: '/v/t62.7118-24/33483642_947712179723100_9040847097203359166_n.enc?ccb=11-4&oh=01_AdQo9EWonosCGfZmmYN2RVD82Hbxq9dIrbsYqtXPOxyfcg&oe=642F515F&_nc_hot=1678233886',
      mediaKeyTimestamp: [Long],
      jpegThumbnail: [Uint8Array],
      contextInfo: [ContextInfo],
      scansSidecar: [Uint8Array]
    },
    messageContextInfo: MessageContextInfo {
      deviceListMetadata: [DeviceListMetadata],
      deviceListMetadataVersion: 2
    }
  },
  body: '_event_media__a6beae64-252a-49e6-8656-12a842053a9e',
  from: '584123771552'
}
[handleMsg]:  {
  key: {
    remoteJid: '584242456330@s.whatsapp.net',
    fromMe: false,
    id: '465BE10F2E4F850C8A2CD7125F52F096',
    participant: undefined
  },
  messageTimestamp: 1678275170,
  pushName: 'Ligia Duque',
  message: Message {
    imageMessage: ImageMessage {
      interactiveAnnotations: [],
      scanLengths: [Array],
      url: 'https://mmg.whatsapp.net/v/t62.7118-24/35281040_1392533961517492_2964363819892426612_n.enc?ccb=11-4&oh=01_AdQq7QWcib6yMnFmfvZkkoVHnV1IA8cgsTI6QGIvsvKZpQ&oe=642FC8BB&mms3=true',
      mimetype: 'image/jpeg',
      fileSha256: [Uint8Array],
      fileLength: [Long],
      height: 911,
      width: 720,
      mediaKey: [Uint8Array],
      fileEncSha256: [Uint8Array],
      directPath: '/v/t62.7118-24/35281040_1392533961517492_2964363819892426612_n.enc?ccb=11-4&oh=01_AdQq7QWcib6yMnFmfvZkkoVHnV1IA8cgsTI6QGIvsvKZpQ&oe=642FC8BB&_nc_hot=1678272964',
      mediaKeyTimestamp: [Long],
      jpegThumbnail: [Uint8Array],
      contextInfo: [ContextInfo],
      scansSidecar: [Uint8Array],
      midQualityFileSha256: [Uint8Array]
    },
    messageContextInfo: MessageContextInfo {
      deviceListMetadata: [DeviceListMetadata],
      deviceListMetadataVersion: 2
    }
  },
  body: '_event_media__4313c4b5-4005-43bf-afb9-5e6ded3bfd2a',
  from: '584242456330'
}
[handleMsg]:  {
  key: {
    remoteJid: '584242456330@s.whatsapp.net',
    fromMe: false,
    id: '738CD6A8ECE1ABD8BDFBECFDDA04F5EF',
    participant: undefined
  },
  messageTimestamp: 1678275171,
  pushName: 'Ligia Duque',
  message: Message {
    imageMessage: ImageMessage {
      interactiveAnnotations: [],
      scanLengths: [Array],
      url: 'https://mmg.whatsapp.net/v/t62.7118-24/32611396_1630498364081123_3946807093851251903_n.enc?ccb=11-4&oh=01_AdS7E1xGFwuvWVwP66jvvquGvyvE-e1CikA7a6GcqUgrZg&oe=642FE64B&mms3=true',
      mimetype: 'image/jpeg',
      fileSha256: [Uint8Array],
      fileLength: [Long],
      height: 510,
      width: 336,
      mediaKey: [Uint8Array],
      fileEncSha256: [Uint8Array],
      directPath: '/v/t62.7118-24/32611396_1630498364081123_3946807093851251903_n.enc?ccb=11-4&oh=01_AdS7E1xGFwuvWVwP66jvvquGvyvE-e1CikA7a6GcqUgrZg&oe=642FE64B&_nc_hot=1678272965',
      mediaKeyTimestamp: [Long],
      jpegThumbnail: [Uint8Array],
      contextInfo: [ContextInfo],
      scansSidecar: [Uint8Array],
      midQualityFileSha256: [Uint8Array]
    },
    messageContextInfo: MessageContextInfo {
      deviceListMetadata: [DeviceListMetadata],
      deviceListMetadataVersion: 2
    }
  },
  body: '_event_media__ddc58feb-6293-437d-9b25-e40de645e0a9',
  from: '584242456330'
}
[handleMsg]:  {
  key: {
    remoteJid: '5491167581343@s.whatsapp.net',
    fromMe: false,
    id: 'D30A852590D6C3AFAC82AD868C51A14D',
    participant: undefined
  },
  messageTimestamp: 1678275179,
  pushName: 'Lean',
  message: Message {
    conversation: 'Gregory',
    messageContextInfo: MessageContextInfo {
      deviceListMetadata: [DeviceListMetadata],
      deviceListMetadataVersion: 2
    }
  },
  body: 'Gregory',
  from: '5491167581343'
}
[handleMsg]:  {
  key: {
    remoteJid: '5493456659528@s.whatsapp.net',
    fromMe: false,
    id: '9EC07E00D362CC3BC69A01DF7C09E83D',
    participant: undefined
  },
  messageTimestamp: 1678275183,
  pushName: 'Lucas',
  verifiedBizName: 'Lucas',
  message: Message {
    conversation: 'Hola. Si. Ahora te paso',
    messageContextInfo: MessageContextInfo {
      deviceListMetadata: [DeviceListMetadata],
      deviceListMetadataVersion: 2
    }
  },
  body: 'Hola. Si. Ahora te paso',
  from: '5493456659528'
}
[handleMsg]:  {
  key: {
    remoteJid: '5493456659528@s.whatsapp.net',
    fromMe: false,
    id: '9EC07E00D362CC3BC69A01DF7C09E83D',
    participant: undefined
  },
  messageTimestamp: 1678275185,
  pushName: 'Lucas',
  verifiedBizName: 'Lucas',
  message: Message {
    conversation: 'Hola. Si. Ahora te paso',
    messageContextInfo: MessageContextInfo {
      deviceListMetadata: [DeviceListMetadata],
      deviceListMetadataVersion: 2
    }
  },
  body: 'Hola. Si. Ahora te paso',
  from: '5493456659528'
}
[handleMsg]:  {
  key: {
    remoteJid: '5491125920445@s.whatsapp.net',
    fromMe: false,
    id: '2D3BD81B3EFACDFA82B584AE893C6F75',
    participant: undefined
  },
  messageTimestamp: 1678275303,
  pushName: 'Kristie Cardenas',
  message: Message {
    conversation: 'Ya me baje',
    messageContextInfo: MessageContextInfo {
      deviceListMetadata: [DeviceListMetadata],
      deviceListMetadataVersion: 2
    }
  },
  body: 'Ya me baje',
  from: '5491125920445'
}
[handleMsg]:  {
  key: {
    remoteJid: '5491167872284@s.whatsapp.net',
    fromMe: false,
    id: '3AB9E3D59864D6DF1F13',
    participant: undefined
  },
  messageTimestamp: 1678275362,
  pushName: 'Ciro H.',
  message: Message {
    conversation: 'Gregory',
    messageContextInfo: MessageContextInfo {
      deviceListMetadata: [DeviceListMetadata],
      deviceListMetadataVersion: 2
    }
  },
  body: 'Gregory',
  from: '5491167872284'
}
[handleMsg]:  {
  key: {
    remoteJid: '5491125920445@s.whatsapp.net',
    fromMe: false,
    id: '2D0EF0D1682C821E8C42F75AAD2CDD9B',
    participant: undefined
  },
  messageTimestamp: 1678275483,
  pushName: 'Kristie Cardenas',
  message: Message {
    conversation: 'Estoy en el kiosco para sacar las copias',
    messageContextInfo: MessageContextInfo {
      deviceListMetadata: [DeviceListMetadata],
      deviceListMetadataVersion: 2
    }
  },
  body: 'Estoy en el kiosco para sacar las copias',
  from: '5491125920445'
}
[handleMsg]:  {
  key: {
    remoteJid: '5491125920445@s.whatsapp.net',
    fromMe: false,
    id: '5892EFBD821503514358968C121385FE',
    participant: undefined
  },
  messageTimestamp: 1678275488,
  pushName: 'Kristie Cardenas',
  message: Message {
    extendedTextMessage: ExtendedTextMessage {
      text: 'Enserio',
      previewType: 0,
      contextInfo: [ContextInfo],
      inviteLinkGroupTypeV2: 0
    },
    messageContextInfo: MessageContextInfo {
      deviceListMetadata: [DeviceListMetadata],
      deviceListMetadataVersion: 2
    }
  },
  body: 'Enserio',
  from: '5491125920445'
}
[handleMsg]:  {
  key: {
    remoteJid: '5491125920445@s.whatsapp.net',
    fromMe: false,
    id: '78979880C7E6E76CEACA6355F577FB78',
    participant: undefined
  },
  messageTimestamp: 1678275502,
  pushName: 'Kristie Cardenas',
  message: Message {
    imageMessage: ImageMessage {
      interactiveAnnotations: [],
      scanLengths: [Array],
      url: 'https://mmg.whatsapp.net/o1/v/t62.7118-24/f1/m238/up-oil-image-a5de5cef-fc7b-4075-a228-54fa6256dee7?ccb=9-4&oh=01_AdT2mkyIcu-xl-LJg0guyH-3RoSA2945MrvTY1Gov64vmA&oe=642FEE61&mms3=true',
      mimetype: 'image/jpeg',
      fileSha256: [Uint8Array],
      fileLength: [Long],
      height: 1599,
      width: 899,
      mediaKey: [Uint8Array],
      fileEncSha256: [Uint8Array],
      directPath: '/o1/v/t62.7118-24/f1/m238/up-oil-image-a5de5cef-fc7b-4075-a228-54fa6256dee7?ccb=9-4&oh=01_AdT2mkyIcu-xl-LJg0guyH-3RoSA2945MrvTY1Gov64vmA&oe=642FEE61',
      mediaKeyTimestamp: [Long],
      jpegThumbnail: [Uint8Array],
      scansSidecar: [Uint8Array],
      midQualityFileSha256: [Uint8Array]
    },
    messageContextInfo: MessageContextInfo {
      deviceListMetadata: [DeviceListMetadata],
      deviceListMetadataVersion: 2
    }
  },
  body: '_event_media__76780446-5e38-40c4-bb2e-adbb854787bd',
  from: '5491125920445'
}
[handleMsg]:  {
  key: {
    remoteJid: '5491125920445@s.whatsapp.net',
    fromMe: false,
    id: '78C06F9D38B1094E4FD5A4A189A2CCD7',
    participant: undefined
  },
  messageTimestamp: 1678275511,
  pushName: 'Kristie Cardenas',
  message: Message {
    conversation: 'Me estoy cagando',
    messageContextInfo: MessageContextInfo {
      deviceListMetadata: [DeviceListMetadata],
      deviceListMetadataVersion: 2
    }
  },
  body: 'Me estoy cagando',
  from: '5491125920445'
}
[handleMsg]:  {
  key: {
    remoteJid: '5491125920445@s.whatsapp.net',
    fromMe: false,
    id: '1BBABC58480E40E918A91087732B8787',
    participant: undefined
  },
  messageTimestamp: 1678275515,
  pushName: 'Kristie Cardenas',
  message: Message {
    conversation: '😭',
    messageContextInfo: MessageContextInfo {
      deviceListMetadata: [DeviceListMetadata],
      deviceListMetadataVersion: 2
    }
  },
  body: '😭',
  from: '5491125920445'
}
